e:\课程设计\学生成绩管理系统\学生成绩管理系统\x64\debug\vc143.pdb
e:\课程设计\学生成绩管理系统\学生成绩管理系统\x64\debug\vc143.idb
e:\课程设计\学生成绩管理系统\学生成绩管理系统\x64\debug\student2.obj
e:\课程设计\学生成绩管理系统\学生成绩管理系统\x64\debug\main.obj
e:\课程设计\学生成绩管理系统\学生成绩管理系统\x64\debug\class5.obj
e:\课程设计\学生成绩管理系统\学生成绩管理系统\x64\debug\class4.obj
e:\课程设计\学生成绩管理系统\学生成绩管理系统\x64\debug\class3.obj
e:\课程设计\学生成绩管理系统\学生成绩管理系统\x64\debug\class2.obj
e:\课程设计\学生成绩管理系统\学生成绩管理系统\x64\debug\class1.obj
e:\课程设计\学生成绩管理系统\学生成绩管理系统\x64\debug\学生成绩管理系统.ilk
e:\课程设计\学生成绩管理系统\x64\debug\学生成绩管理系统.pdb
e:\课程设计\学生成绩管理系统\学生成绩管理系统\x64\debug\学生成绩管理系统.tlog\cl.read.1.tlog
e:\课程设计\学生成绩管理系统\学生成绩管理系统\x64\debug\学生成绩管理系统.tlog\cl.write.1.tlog
e:\课程设计\学生成绩管理系统\学生成绩管理系统\x64\debug\学生成绩管理系统.tlog\cl.command.1.tlog
e:\课程设计\学生成绩管理系统\学生成绩管理系统\x64\debug\学生成绩管理系统.tlog\link.read.2.tlog
e:\课程设计\学生成绩管理系统\学生成绩管理系统\x64\debug\学生成绩管理系统.tlog\link.write.1.tlog
e:\课程设计\学生成绩管理系统\学生成绩管理系统\x64\debug\学生成绩管理系统.tlog\link.secondary.1.tlog
e:\课程设计\学生成绩管理系统\学生成绩管理系统\x64\debug\学生成绩管理系统.tlog\link.command.1.tlog
e:\课程设计\学生成绩管理系统\学生成绩管理系统\x64\debug\学生成绩管理系统.tlog\cl.items.tlog
e:\课程设计\学生成绩管理系统\学生成绩管理系统\x64\debug\学生成绩管理系统.tlog\link.32260-rc.read.1.tlog
e:\课程设计\学生成绩管理系统\学生成绩管理系统\x64\debug\学生成绩管理系统.tlog\link.32260-rc.write.1.tlog
e:\课程设计\学生成绩管理系统\学生成绩管理系统\x64\debug\学生成绩管理系统.tlog\link.32260-cvtres.read.1.tlog
e:\课程设计\学生成绩管理系统\学生成绩管理系统\x64\debug\学生成绩管理系统.tlog\link.32260-cvtres.write.1.tlog
e:\课程设计\学生成绩管理系统\学生成绩管理系统\x64\debug\学生成绩管理系统.tlog\link.32260.read.3.tlog
e:\课程设计\学生成绩管理系统\学生成绩管理系统\x64\debug\学生成绩管理系统.tlog\link.32260.read.1.tlog
e:\课程设计\学生成绩管理系统\学生成绩管理系统\x64\debug\学生成绩管理系统.tlog\link.32260.write.1.tlog
e:\课程设计\学生成绩管理系统\学生成绩管理系统\x64\debug\学生成绩管理系统.tlog\link.read.1.tlog
e:\课程设计\学生成绩管理系统\学生成绩管理系统\x64\debug\学生成绩管理系统.tlog\link-rc.read.1.tlog
e:\课程设计\学生成绩管理系统\学生成绩管理系统\x64\debug\学生成绩管理系统.tlog\link-rc.write.1.tlog
e:\课程设计\学生成绩管理系统\学生成绩管理系统\x64\debug\学生成绩管理系统.tlog\link-cvtres.read.1.tlog
e:\课程设计\学生成绩管理系统\学生成绩管理系统\x64\debug\学生成绩管理系统.tlog\link-cvtres.write.1.tlog
